TIME		PLN-0														OBJ-0			
TICK:	DUR:	X:	Y:	ALT:	SPD:	ACCEL:	VSPD:	THRTL:	HDG:	VHDG:	CR:	ROLL:	VCR:	PTS:	DMG:	X:	Y:	ALT:	
0	0	500.0	500.0	2000	250.0	0.0	0.0	50.0	0.0	0.0	0.00	0.00	0.00	0	0.0	-1000	-1000	2478	
270	15	500.0	488.8	2002	250.0	0.0	147.6	50.0	0.0	36.2	0.00	0.00	3.62	0	0.0	324	65	2478	
560	16	499.6	477.7	2012	346.2	20.9	222.5	100.0	-7.5	40.0	-0.63	-3.03	4.00	0	0.0	324	65	2478	
850	16	495.6	463.2	2024	420.8	-0.4	190.2	83.2	-22.4	26.9	-0.42	-2.02	2.66	0	0.0	324	65	2478	
1145	16	487.5	445.5	2026	366.6	-11.1	5.3	51.0	-25.2	0.8	-0.01	-0.06	0.08	0	0.0	324	65	2478	
1435	14	480.2	430.0	2027	323.0	-6.7	0.0	50.0	-25.2	0.0	0.00	0.00	0.00	0	0.0	324	65	2478	
1725	16	472.7	414.1	2027	393.7	15.2	47.9	100.0	-25.2	7.0	0.00	0.00	0.70	0	0.0	324	65	2478	
2014	16	465.0	397.7	2037	449.3	7.7	288.8	100.0	-25.2	40.0	0.00	0.00	4.00	0	0.0	324	65	2478	
2304	16	457.4	381.6	2052	476.6	3.7	306.3	100.0	-25.2	40.0	0.00	0.00	4.00	0	0.0	324	65	2478	
2594	16	449.5	364.9	2067	489.3	1.7	314.5	100.0	-25.2	40.0	0.00	0.00	4.00	0	0.0	324	65	2478	
2881	16	441.5	347.8	2083	495.2	0.8	318.3	100.0	-25.2	40.0	0.00	0.00	4.00	0	0.0	324	65	2478	
3172	13	433.4	330.6	2099	497.8	0.3	320.0	100.0	-25.2	40.0	0.00	0.00	4.00	0	0.0	324	65	2478	
3465	15	425.2	313.3	2115	499.0	0.2	320.8	100.0	-25.2	40.0	0.00	0.00	4.00	0	0.0	324	65	2478	
3756	16	417.1	296.0	2131	499.6	0.1	321.1	100.0	-25.2	40.0	0.00	0.00	4.00	0	0.0	324	65	2478	
4046	17	409.0	278.7	2147	499.8	0.0	321.3	100.0	-25.2	40.0	0.00	0.00	4.00	0	0.0	324	65	2478	
4335	15	400.8	261.4	2163	499.9	0.0	321.3	100.0	-25.2	40.0	0.00	0.00	4.00	0	0.0	324	65	2478	
4627	15	392.6	244.1	2180	500.0	0.0	321.4	100.0	-25.2	40.0	0.00	0.00	4.00	0	0.0	324	65	2478	
4914	16	384.5	226.7	2196	500.0	0.0	321.4	100.0	-25.2	40.0	0.00	0.00	4.00	0	0.0	324	65	2478	
5204	16	376.3	209.4	2212	500.0	0.0	321.4	100.0	-25.2	40.0	0.00	0.00	4.00	0	0.0	324	65	2478	
5494	16	368.2	192.1	2228	500.0	0.0	321.4	100.0	-25.2	40.0	0.00	0.00	4.00	0	0.0	324	65	2478	
5784	14	360.0	174.7	2244	500.0	0.0	321.4	100.0	-25.2	40.0	0.00	0.00	4.00	0	0.0	324	65	2478	
6077	16	351.9	157.4	2260	500.0	0.0	321.4	100.0	-25.2	40.0	0.00	0.00	4.00	0	0.0	324	65	2478	
6369	15	343.7	140.1	2276	500.0	0.0	321.4	100.0	-25.2	40.0	0.00	0.00	4.00	0	0.0	324	65	2478	
6658	16	335.5	122.8	2292	500.0	0.0	321.4	100.0	-25.2	40.0	0.00	0.00	4.00	0	0.0	324	65	2478	
6946	16	326.2	106.2	2308	500.0	0.0	321.4	100.0	-47.8	40.0	-2.86	-17.75	4.00	0	0.0	324	65	2478	
7234	15	307.8	102.4	2324	500.0	0.0	321.4	100.0	-84.7	40.0	1.22	6.10	4.00	0	0.0	324	65	2478	
7523	15	294.1	91.2	2340	500.0	0.0	321.4	100.0	-12.6	40.0	2.52	14.75	4.00	0	0.0	324	65	2478	
7811	15	301.5	74.9	2356	500.0	0.0	321.4	100.0	61.2	40.0	2.52	14.75	4.00	0	0.0	324	65	2478	
8094	15	319.2	77.4	2372	500.0	0.0	321.4	100.0	134.9	40.0	2.52	14.75	4.00	0	0.0	324	65	2478	
8385	16	321.7	95.2	2388	500.0	0.0	321.4	100.0	-151.2	40.0	2.52	14.75	4.00	0	0.0	324	65	2478	
8674	16	305.4	102.5	2404	500.0	0.0	321.4	100.0	-77.5	40.0	2.52	14.75	4.00	0	0.0	324	65	2478	
8966	16	293.8	88.9	2421	500.0	0.0	321.4	100.0	-3.6	40.0	2.52	14.75	4.00	0	0.0	324	65	2478	
9252	16	303.6	74.0	2437	500.0	0.0	321.4	100.0	70.1	40.0	2.52	14.75	4.00	0	0.0	324	65	2478	
9540	16	323.9	77.9	2447	449.7	-19.9	36.8	55.8	114.6	4.7	0.29	1.41	0.46	0	0.0	324	65	2478	
9832	16	342.2	86.8	2447	370.3	-11.9	0.9	50.2	116.5	0.1	0.00	0.00	0.01	0	0.0	324	65	2478	
10120	16	357.0	95.2	2450	324.6	-6.9	66.1	50.0	131.4	11.7	1.41	7.19	1.17	1	0.0	345	480	2564	
10408	16	364.6	108.0	2453	297.7	-4.2	60.6	50.0	167.4	11.7	1.41	7.19	1.17	1	0.0	345	480	2564	
10698	16	365.3	122.3	2454	281.0	-2.6	2.7	50.0	-179.0	0.6	0.07	0.32	0.05	1	0.0	345	480	2564	
10990	15	365.0	135.9	2455	270.3	-1.7	104.6	50.0	-178.6	22.8	0.00	0.00	2.28	1	0.0	345	480	2564	
11282	16	364.7	149.0	2465	382.0	16.7	245.6	100.0	-178.6	40.0	0.00	0.00	4.00	1	0.0	345	480	2564	
11571	14	364.3	164.9	2479	443.3	8.6	284.9	100.0	-178.6	40.0	0.00	0.00	4.00	1	0.0	345	480	2564	
11865	13	363.9	182.5	2494	473.7	4.1	304.5	100.0	-178.6	40.0	0.00	0.00	4.00	1	0.0	345	480	2564	
12159	15	363.4	201.0	2509	488.0	1.9	313.7	100.0	-178.6	40.0	0.00	0.00	4.00	1	0.0	345	480	2564	
12450	15	363.0	219.8	2525	494.6	0.9	317.9	100.0	-178.6	40.0	0.00	0.00	4.00	1	0.0	345	480	2564	
12737	16	362.5	238.9	2541	497.6	0.4	319.8	100.0	-178.6	40.0	0.00	0.00	4.00	1	0.0	345	480	2564	
13024	16	362.1	257.9	2557	498.9	0.2	320.7	100.0	-178.6	40.0	0.00	0.00	4.00	1	0.0	345	480	2564	
13313	15	361.6	278.8	2570	499.5	0.1	98.4	100.0	-178.6	11.4	0.00	0.00	1.14	1	0.0	345	480	2564	
13602	15	361.0	303.3	2567	499.8	0.0	-141.5	100.0	-178.6	-16.4	0.00	0.00	-1.64	1	0.0	345	480	2564	
13890	16	360.4	326.9	2563	435.7	-18.9	-9.0	53.5	-178.6	-1.2	0.00	0.00	-0.12	1	0.0	345	480	2564	
14182	15	360.0	346.7	2563	362.1	-11.0	0.0	50.1	-178.6	0.0	0.00	0.00	0.00	1	0.0	345	480	2564	
14471	16	359.6	363.6	2564	319.9	-6.4	2.8	50.0	-178.6	0.5	0.00	0.00	0.05	1	0.0	345	480	2564	
14765	14	359.2	378.9	2564	294.8	-3.9	0.0	50.0	-178.6	0.0	0.00	0.00	0.00	1	0.0	345	480	2564	
15053	16	358.8	393.2	2564	279.2	-2.5	0.0	50.0	-178.6	0.0	0.00	0.00	0.00	1	0.0	345	480	2564	
15340	15	358.5	406.9	2564	269.2	-1.6	0.0	50.0	-178.6	0.0	0.00	0.00	0.00	1	0.0	345	480	2564	
15631	15	358.2	420.2	2564	262.7	-1.0	0.0	50.0	-178.6	0.0	0.13	0.61	0.00	2	0.0	100	264	2538	
15920	15	353.7	431.8	2563	258.4	-0.7	-35.3	50.0	-129.9	-7.9	2.20	12.32	-0.79	2	0.0	100	264	2538	
16213	16	341.8	433.7	2561	255.6	-0.5	-34.9	50.0	-68.4	-7.9	2.20	12.32	-0.79	2	0.0	100	264	2538	
16504	13	331.9	425.8	2560	253.8	-0.3	-1.7	50.0	-45.3	-0.4	0.11	0.51	-0.04	2	0.0	100	264	2538	
16797	15	323.0	416.9	2560	252.5	-0.2	0.0	50.0	-45.8	0.0	-0.26	-1.24	0.00	2	0.0	100	264	2538	
17086	16	313.4	408.7	2560	251.7	-0.1	0.0	50.0	-51.1	0.0	-0.03	-0.14	0.00	2	0.0	100	264	2538	
17376	15	303.0	400.3	2561	315.5	24.1	36.4	100.0	-51.2	6.6	0.00	0.00	0.66	2	0.0	100	264	2538	
17669	14	289.9	389.8	2555	407.9	13.4	-262.2	100.0	-51.2	-40.0	0.00	0.00	-4.00	2	0.0	100	264	2538	
17959	15	276.9	379.4	2541	455.1	-0.9	-239.6	89.3	-51.2	-31.8	0.00	0.00	-3.14	2	0.0	100	264	2538	
18252	15	260.7	366.4	2538	387.4	-13.5	-6.7	51.2	-51.2	-1.0	0.00	0.00	-0.10	2	0.0	100	264	2538	
18542	16	246.8	355.2	2537	334.9	-8.0	0.0	50.0	-51.2	0.0	0.00	0.00	0.00	2	0.0	100	264	2538	
18833	16	234.4	345.2	2538	303.9	-4.8	3.0	50.0	-51.2	0.6	0.00	0.00	0.06	2	0.0	100	264	2538	
19121	15	222.9	336.0	2538	305.9	25.1	0.0	100.0	-51.2	0.0	0.00	0.00	0.00	2	0.0	100	264	2538	
19410	15	208.9	324.7	2538	402.4	14.1	0.0	100.0	-51.2	0.0	0.00	0.00	0.00	2	0.0	100	264	2538	
19698	16	192.1	311.2	2538	453.6	7.1	0.0	100.0	-51.2	0.0	0.00	0.00	0.00	2	0.0	100	264	2538	
19984	16	173.9	296.6	2538	478.6	3.4	0.0	100.0	-51.2	0.0	0.00	0.00	0.00	2	0.0	100	264	2538	
[!] Exited main loop with exitcode 1